<?xml version="1.0" encoding="UTF-8"?>
<testsuites name="healthcare-tests - TS_RegressionTest" time="56.309" tests="3" failures="0" errors="0">
   <testsuite name="healthcare-tests - TS_RegressionTest" tests="3" failures="0" errors="0" time="56.309" skipped="0" timestamp="2023-08-20 21:14:48" hostname="lakshmimukkur - lakshmis-mbp.ht.home" id="Test Suites/healthcare-tests - TS_RegressionTest">
      <properties>
         <property name="deviceName" value=""/>
         <property name="devicePlatform" value=""/>
         <property name="logFolder" value="/Users/lakshmimukkur/Katalon Studio/Web_Demo/Reports/20230820_211442/healthcare-tests - TS_RegressionTest/20230820_211442"/>
         <property name="logFiles" value="/Users/lakshmimukkur/Katalon Studio/Web_Demo/Reports/20230820_211442/healthcare-tests - TS_RegressionTest/20230820_211442/execution0.log"/>
         <property name="attachments" value="/Users/lakshmimukkur/Katalon Studio/Web_Demo/Reports/20230820_211442/healthcare-tests - TS_RegressionTest/20230820_211442/1692580519922.png, keyes/keyes-login page.png, keyes/keyes-appointment page.png, keyes/keyes-booked appointment.png, /Users/lakshmimukkur/Katalon Studio/Web_Demo/Reports/20230820_211442/healthcare-tests - TS_RegressionTest/20230820_211442/1692580541106.png"/>
         <property name="hostName" value="lakshmimukkur - lakshmis-mbp.ht.home"/>
         <property name="os" value="Mac OS X 64bit"/>
         <property name="katalonVersion" value="8.6.5.208"/>
         <property name="browser" value="Chrome 115.0.0.0"/>
         <property name="hostAddress" value="192.168.0.142"/>
         <property name="sessionId" value="426b7fbfbd6beb7e2256df96862dd866"/>
         <property name="seleniumVersion" value="3.141.59"/>
         <property name="proxyInformation" value="ProxyInformation { proxyOption=NO_PROXY, proxyServerType=HTTP, username=, password=********, proxyServerAddress=, proxyServerPort=0, executionList=&quot;&quot;, isApplyToDesiredCapabilities=true }"/>
         <property name="platform" value="Mac OS X"/>
      </properties>
      <testcase name="Test Cases/Main Test Cases/TC1_Verify Successful Login - Test Suite Data Driven Testing" time="18.694" classname="Test Cases/Main Test Cases/TC1_Verify Successful Login - Test Suite Data Driven Testing" status="PASSED">
         <system-out><![CDATA[2023-08-20 21:14:48 - [TEST_CASE][PASSED] - Test Cases/Main Test Cases/TC1_Verify Successful Login - Test Suite Data Driven Testing: Test Cases/Main Test Cases/TC1_Verify Successful Login - Test Suite Data Driven Testing

2023-08-20 21:14:49 - [TEST_STEP][PASSED] - comment("Story: Login to CURA system"): Story: Login to CURA system

2023-08-20 21:14:49 - [MESSAGE][INFO] - Story: Login to CURA system

2023-08-20 21:14:49 - [TEST_STEP][PASSED] - comment("Given that the user has the valid login information"): Given that the user has the valid login information

2023-08-20 21:14:49 - [MESSAGE][INFO] - Given that the user has the valid login information

2023-08-20 21:14:49 - [TEST_STEP][PASSED] - openBrowser(G_SiteURL): Browser is opened with url: 'http://demoaut.katalon.com'

2023-08-20 21:14:50 - [MESSAGE][INFO] - Starting 'Chrome' driver

2023-08-20 21:14:50 - [MESSAGE][INFO] - User set preference: ['args', '[--incognito]']

2023-08-20 21:14:50 - [MESSAGE][INFO] - Action delay is set to 0 milliseconds

2023-08-20 21:15:02 - [MESSAGE][PASSED] - Browser is opened with url: 'http://demoaut.katalon.com'

2023-08-20 21:15:02 - [TEST_STEP][PASSED] - click(findTestObject("Page_CuraHomepage/btn_MakeAppointment")): Object: 'Object Repository/Page_CuraHomepage/btn_MakeAppointment' is clicked on

2023-08-20 21:15:03 - [MESSAGE][PASSED] - Object: 'Object Repository/Page_CuraHomepage/btn_MakeAppointment' is clicked on

2023-08-20 21:15:03 - [TEST_STEP][PASSED] - setText(findTestObject("Page_Login/txt_UserName"), User): Text 'John Doe' is set on object 'Object Repository/Page_Login/txt_UserName'

2023-08-20 21:15:04 - [MESSAGE][PASSED] - Text 'John Doe' is set on object 'Object Repository/Page_Login/txt_UserName'

2023-08-20 21:15:04 - [TEST_STEP][PASSED] - setText(findTestObject("Page_Login/txt_Password"), Pass): Text 'ThisIsNotAPassword' is set on object 'Object Repository/Page_Login/txt_Password'

2023-08-20 21:15:04 - [MESSAGE][PASSED] - Text 'ThisIsNotAPassword' is set on object 'Object Repository/Page_Login/txt_Password'

2023-08-20 21:15:04 - [TEST_STEP][PASSED] - comment("When he logins to CURA system"): When he logins to CURA system

2023-08-20 21:15:04 - [MESSAGE][INFO] - When he logins to CURA system

2023-08-20 21:15:04 - [TEST_STEP][PASSED] - click(findTestObject("Page_Login/btn_Login")): Object: 'Object Repository/Page_Login/btn_Login' is clicked on

2023-08-20 21:15:05 - [MESSAGE][PASSED] - Object: 'Object Repository/Page_Login/btn_Login' is clicked on

2023-08-20 21:15:05 - [TEST_STEP][PASSED] - comment("Then he should be able to login successfully"): Then he should be able to login successfully

2023-08-20 21:15:05 - [MESSAGE][INFO] - Then he should be able to login successfully

2023-08-20 21:15:05 - [TEST_STEP][PASSED] - landingPage = verifyElementPresent(findTestObject("Page_CuraAppointment/div_Appointment"), G_Timeout): Object 'Object Repository/Page_CuraAppointment/div_Appointment' is present

2023-08-20 21:15:05 - [MESSAGE][PASSED] - Object 'Object Repository/Page_CuraAppointment/div_Appointment' is present

2023-08-20 21:15:05 - [TEST_STEP][PASSED] - closeBrowser(): Browser is closed

2023-08-20 21:15:05 - [MESSAGE][PASSED] - Browser is closed

2023-08-20 21:15:07 - [TEST_STEP][PASSED] - Video: Video recording for test case 'Test Cases/Main Test Cases/TC1_Verify Successful Login - Test Suite Data Driven Testing' .

2023-08-20 21:15:07 - [MESSAGE][INFO] - Video recording for test case 'Test Cases/Main Test Cases/TC1_Verify Successful Login - Test Suite Data Driven Testing' .]]></system-out>
         <system-err><![CDATA[]]></system-err>
      </testcase>
      <testcase name="Test Cases/Main Test Cases/TC2_Verify Successful Appointment" time="14.943" classname="Test Cases/Main Test Cases/TC2_Verify Successful Appointment" status="PASSED">
         <system-out><![CDATA[2023-08-20 21:15:07 - [TEST_CASE][PASSED] - Test Cases/Main Test Cases/TC2_Verify Successful Appointment: Test Cases/Main Test Cases/TC2_Verify Successful Appointment

2023-08-20 21:15:07 - [TEST_STEP][PASSED] - comment("Story: Book an appointment"): Story: Book an appointment

2023-08-20 21:15:07 - [MESSAGE][INFO] - Story: Book an appointment

2023-08-20 21:15:07 - [TEST_STEP][PASSED] - comment("Given that the user has logged into their account"): Given that the user has logged into their account

2023-08-20 21:15:07 - [MESSAGE][INFO] - Given that the user has logged into their account

2023-08-20 21:15:07 - [TEST_STEP][PASSED] - openBrowser(G_SiteURL): Browser is opened with url: 'http://demoaut.katalon.com'

2023-08-20 21:15:07 - [MESSAGE][INFO] - Starting 'Chrome' driver

2023-08-20 21:15:07 - [MESSAGE][INFO] - User set preference: ['args', '[--incognito]']

2023-08-20 21:15:07 - [MESSAGE][INFO] - Action delay is set to 0 milliseconds

2023-08-20 21:15:13 - [MESSAGE][PASSED] - Browser is opened with url: 'http://demoaut.katalon.com'

2023-08-20 21:15:13 - [TEST_STEP][PASSED] - callTestCase(findTestCase("Common Test Cases/Login"), ["Username":"John Doe", "Password":"ThisIsNotAPassword"], STOP_ON_FAILURE): Call Test Case 'Test Cases/Common Test Cases/Login' successfully

2023-08-20 21:15:13 - [TEST_CASE][PASSED] - Test Cases/Common Test Cases/Login: Test Cases/Common Test Cases/Login

2023-08-20 21:15:14 - [TEST_STEP][PASSED] - click(findTestObject("Page_CuraHomepage/btn_MakeAppointment")): Object: 'Object Repository/Page_CuraHomepage/btn_MakeAppointment' is clicked on

2023-08-20 21:15:14 - [MESSAGE][PASSED] - Object: 'Object Repository/Page_CuraHomepage/btn_MakeAppointment' is clicked on

2023-08-20 21:15:14 - [TEST_STEP][PASSED] - setText(findTestObject("Page_Login/txt_UserName"), Username): Text 'John Doe' is set on object 'Object Repository/Page_Login/txt_UserName'

2023-08-20 21:15:15 - [MESSAGE][PASSED] - Text 'John Doe' is set on object 'Object Repository/Page_Login/txt_UserName'

2023-08-20 21:15:15 - [TEST_STEP][PASSED] - setText(findTestObject("Page_Login/txt_Password"), Password): Text 'ThisIsNotAPassword' is set on object 'Object Repository/Page_Login/txt_Password'

2023-08-20 21:15:15 - [MESSAGE][PASSED] - Text 'ThisIsNotAPassword' is set on object 'Object Repository/Page_Login/txt_Password'

2023-08-20 21:15:15 - [TEST_STEP][PASSED] - click(findTestObject("Page_Login/btn_Login")): Object: 'Object Repository/Page_Login/btn_Login' is clicked on

2023-08-20 21:15:16 - [MESSAGE][PASSED] - Object: 'Object Repository/Page_Login/btn_Login' is clicked on

2023-08-20 21:15:16 - [TEST_STEP][PASSED] - landingPage = verifyElementPresent(findTestObject("Page_CuraAppointment/div_Appointment"), G_Timeout): Object 'Object Repository/Page_CuraAppointment/div_Appointment' is present

2023-08-20 21:15:16 - [MESSAGE][PASSED] - Object 'Object Repository/Page_CuraAppointment/div_Appointment' is present

2023-08-20 21:15:16 - [MESSAGE][PASSED] - Call Test Case 'Test Cases/Common Test Cases/Login' successfully

2023-08-20 21:15:16 - [TEST_STEP][PASSED] - comment("And Appointment page is displayed"): And Appointment page is displayed

2023-08-20 21:15:16 - [MESSAGE][INFO] - And Appointment page is displayed

2023-08-20 21:15:16 - [TEST_STEP][PASSED] - if (true): Text 'Please make appointment as soon as possible.' is set on object 'Object Repository/Page_CuraAppointment/txt_Comment'

2023-08-20 21:15:16 - [TEST_STEP][PASSED] - selectOptionByLabel(findTestObject("Page_CuraAppointment/lst_Facility"), "Hongkong CURA Healthcare Center", false): All options with label 'Hongkong CURA Healthcare Center' are selected in object 'Object Repository/Page_CuraAppointment/lst_Facility' 

2023-08-20 21:15:16 - [MESSAGE][PASSED] - All options with label 'Hongkong CURA Healthcare Center' are selected in object 'Object Repository/Page_CuraAppointment/lst_Facility' 

2023-08-20 21:15:16 - [TEST_STEP][PASSED] - check(findTestObject("Page_CuraAppointment/chk_Medicaid")): Object 'Object Repository/Page_CuraAppointment/chk_Medicaid' is checked

2023-08-20 21:15:16 - [MESSAGE][PASSED] - Object 'Object Repository/Page_CuraAppointment/chk_Medicaid' is checked

2023-08-20 21:15:16 - [TEST_STEP][PASSED] - check(findTestObject("Page_CuraAppointment/chk_Readmission")): Object 'Object Repository/Page_CuraAppointment/chk_Readmission' is checked

2023-08-20 21:15:16 - [MESSAGE][PASSED] - Object 'Object Repository/Page_CuraAppointment/chk_Readmission' is checked

2023-08-20 21:15:16 - [TEST_STEP][PASSED] - setText(findTestObject("Page_CuraAppointment/txt_VisitDate"), "27/12/2016"): Text '27/12/2016' is set on object 'Object Repository/Page_CuraAppointment/txt_VisitDate'

2023-08-20 21:15:17 - [MESSAGE][PASSED] - Text '27/12/2016' is set on object 'Object Repository/Page_CuraAppointment/txt_VisitDate'

2023-08-20 21:15:17 - [TEST_STEP][PASSED] - setText(findTestObject("Page_CuraAppointment/txt_Comment"), "Please make appointment as soon as possible."): Text 'Please make appointment as soon as possible.' is set on object 'Object Repository/Page_CuraAppointment/txt_Comment'

2023-08-20 21:15:17 - [MESSAGE][PASSED] - Text 'Please make appointment as soon as possible.' is set on object 'Object Repository/Page_CuraAppointment/txt_Comment'

2023-08-20 21:15:17 - [TEST_STEP][PASSED] - comment("When he fills in valid information in Appointment page"): When he fills in valid information in Appointment page

2023-08-20 21:15:17 - [MESSAGE][INFO] - When he fills in valid information in Appointment page

2023-08-20 21:15:17 - [TEST_STEP][PASSED] - click(findTestObject("Page_CuraAppointment/btn_BookAppointment")): Object: 'Object Repository/Page_CuraAppointment/btn_BookAppointment' is clicked on

2023-08-20 21:15:18 - [MESSAGE][PASSED] - Object: 'Object Repository/Page_CuraAppointment/btn_BookAppointment' is clicked on

2023-08-20 21:15:18 - [TEST_STEP][PASSED] - verifyTextPresent("Appointment Confirmation", false): Text 'Appointment Confirmation' is present on page 

2023-08-20 21:15:19 - [MESSAGE][PASSED] - Text 'Appointment Confirmation' is present on page 

2023-08-20 21:15:19 - [TEST_STEP][PASSED] - comment("Then he should be able to book a new appointment"): Then he should be able to book a new appointment

2023-08-20 21:15:19 - [MESSAGE][INFO] - Then he should be able to book a new appointment

2023-08-20 21:15:19 - [TEST_STEP][PASSED] - if (true): Actual text 'Please make appointment as soon as possible.' and expected text 'Please make appointment as soon as possible.' are matched 

2023-08-20 21:15:19 - [TEST_STEP][PASSED] - verifyMatch("Hongkong CURA Healthcare Center", getText(findTestObject("Page_AppointmentConfirmation/lbl_Facility")), false): Actual text 'Hongkong CURA Healthcare Center' and expected text 'Hongkong CURA Healthcare Center' are matched 

2023-08-20 21:15:19 - [MESSAGE][PASSED] - Text of object 'Object Repository/Page_AppointmentConfirmation/lbl_Facility' is: 'Hongkong CURA Healthcare Center'

2023-08-20 21:15:19 - [MESSAGE][PASSED] - Actual text 'Hongkong CURA Healthcare Center' and expected text 'Hongkong CURA Healthcare Center' are matched 

2023-08-20 21:15:19 - [TEST_STEP][PASSED] - verifyMatch("Yes", getText(findTestObject("Page_AppointmentConfirmation/lbl_HospitalReadmission")), false): Actual text 'Yes' and expected text 'Yes' are matched 

2023-08-20 21:15:19 - [MESSAGE][PASSED] - Text of object 'Object Repository/Page_AppointmentConfirmation/lbl_HospitalReadmission' is: 'Yes'

2023-08-20 21:15:19 - [MESSAGE][PASSED] - Actual text 'Yes' and expected text 'Yes' are matched 

2023-08-20 21:15:19 - [TEST_STEP][PASSED] - verifyMatch("Medicaid", getText(findTestObject("Page_AppointmentConfirmation/lbl_Program")), false): Actual text 'Medicaid' and expected text 'Medicaid' are matched 

2023-08-20 21:15:19 - [MESSAGE][PASSED] - Text of object 'Object Repository/Page_AppointmentConfirmation/lbl_Program' is: 'Medicaid'

2023-08-20 21:15:19 - [MESSAGE][PASSED] - Actual text 'Medicaid' and expected text 'Medicaid' are matched 

2023-08-20 21:15:19 - [TEST_STEP][PASSED] - verifyMatch("27/12/2016", getText(findTestObject("Page_AppointmentConfirmation/lbl_VisitDate")), false): Actual text '27/12/2016' and expected text '27/12/2016' are matched 

2023-08-20 21:15:19 - [MESSAGE][PASSED] - Text of object 'Object Repository/Page_AppointmentConfirmation/lbl_VisitDate' is: '27/12/2016'

2023-08-20 21:15:19 - [MESSAGE][PASSED] - Actual text '27/12/2016' and expected text '27/12/2016' are matched 

2023-08-20 21:15:19 - [TEST_STEP][PASSED] - verifyMatch("Please make appointment as soon as possible.", getText(findTestObject("Page_AppointmentConfirmation/lbl_Comment")), false): Actual text 'Please make appointment as soon as possible.' and expected text 'Please make appointment as soon as possible.' are matched 

2023-08-20 21:15:19 - [MESSAGE][PASSED] - Text of object 'Object Repository/Page_AppointmentConfirmation/lbl_Comment' is: 'Please make appointment as soon as possible.'

2023-08-20 21:15:19 - [MESSAGE][PASSED] - Actual text 'Please make appointment as soon as possible.' and expected text 'Please make appointment as soon as possible.' are matched 

2023-08-20 21:15:19 - [TEST_STEP][PASSED] - takeScreenshot(): Taking screenshot successfully

2023-08-20 21:15:20 - [MESSAGE][PASSED] - Taking screenshot successfully
[[ATTACHMENT|/Users/lakshmimukkur/Katalon Studio/Web_Demo/Reports/20230820_211442/healthcare-tests - TS_RegressionTest/20230820_211442/1692580519922.png]]

2023-08-20 21:15:20 - [TEST_STEP][PASSED] - closeBrowser(): Browser is closed

2023-08-20 21:15:20 - [MESSAGE][PASSED] - Browser is closed

2023-08-20 21:15:22 - [TEST_STEP][PASSED] - Video: Video recording for test case 'Test Cases/Main Test Cases/TC2_Verify Successful Appointment' .

2023-08-20 21:15:22 - [MESSAGE][INFO] - Video recording for test case 'Test Cases/Main Test Cases/TC2_Verify Successful Appointment' .]]></system-out>
         <system-err><![CDATA[]]></system-err>
      </testcase>
      <testcase name="Test Cases/Main Test Cases/TC3_Visual Testing Example" time="22.246" classname="Test Cases/Main Test Cases/TC3_Visual Testing Example" status="PASSED">
         <system-out><![CDATA[2023-08-20 21:15:22 - [TEST_CASE][PASSED] - Test Cases/Main Test Cases/TC3_Visual Testing Example: Test Cases/Main Test Cases/TC3_Visual Testing Example

2023-08-20 21:15:22 - [TEST_STEP][PASSED] - comment("Story: Book an appointment"): Story: Book an appointment

2023-08-20 21:15:22 - [MESSAGE][INFO] - Story: Book an appointment

2023-08-20 21:15:22 - [TEST_STEP][PASSED] - comment("Given that the user has logged into their account"): Given that the user has logged into their account

2023-08-20 21:15:22 - [MESSAGE][INFO] - Given that the user has logged into their account

2023-08-20 21:15:22 - [TEST_STEP][PASSED] - openBrowser(G_SiteURL): Browser is opened with url: 'http://demoaut.katalon.com'

2023-08-20 21:15:22 - [MESSAGE][INFO] - Starting 'Chrome' driver

2023-08-20 21:15:22 - [MESSAGE][INFO] - User set preference: ['args', '[--incognito]']

2023-08-20 21:15:22 - [MESSAGE][INFO] - Action delay is set to 0 milliseconds

2023-08-20 21:15:28 - [MESSAGE][PASSED] - Browser is opened with url: 'http://demoaut.katalon.com'

2023-08-20 21:15:28 - [TEST_STEP][PASSED] - takeScreenshotAsCheckpoint("login page"): Taking screenshot successfully

2023-08-20 21:15:31 - [MESSAGE][INFO] - 0 hidden object(s)

2023-08-20 21:15:31 - [MESSAGE][PASSED] - Taking screenshot successfully
[[ATTACHMENT|keyes/keyes-login page.png]]

2023-08-20 21:15:31 - [TEST_STEP][PASSED] - callTestCase(findTestCase("Common Test Cases/Login"), ["Username":"John Doe", "Password":"ThisIsNotAPassword"], STOP_ON_FAILURE): Call Test Case 'Test Cases/Common Test Cases/Login' successfully

2023-08-20 21:15:31 - [TEST_CASE][PASSED] - Test Cases/Common Test Cases/Login: Test Cases/Common Test Cases/Login

2023-08-20 21:15:31 - [TEST_STEP][PASSED] - click(findTestObject("Page_CuraHomepage/btn_MakeAppointment")): Object: 'Object Repository/Page_CuraHomepage/btn_MakeAppointment' is clicked on

2023-08-20 21:15:32 - [MESSAGE][PASSED] - Object: 'Object Repository/Page_CuraHomepage/btn_MakeAppointment' is clicked on

2023-08-20 21:15:32 - [TEST_STEP][PASSED] - setText(findTestObject("Page_Login/txt_UserName"), Username): Text 'John Doe' is set on object 'Object Repository/Page_Login/txt_UserName'

2023-08-20 21:15:33 - [MESSAGE][PASSED] - Text 'John Doe' is set on object 'Object Repository/Page_Login/txt_UserName'

2023-08-20 21:15:33 - [TEST_STEP][PASSED] - setText(findTestObject("Page_Login/txt_Password"), Password): Text 'ThisIsNotAPassword' is set on object 'Object Repository/Page_Login/txt_Password'

2023-08-20 21:15:33 - [MESSAGE][PASSED] - Text 'ThisIsNotAPassword' is set on object 'Object Repository/Page_Login/txt_Password'

2023-08-20 21:15:33 - [TEST_STEP][PASSED] - click(findTestObject("Page_Login/btn_Login")): Object: 'Object Repository/Page_Login/btn_Login' is clicked on

2023-08-20 21:15:33 - [MESSAGE][PASSED] - Object: 'Object Repository/Page_Login/btn_Login' is clicked on

2023-08-20 21:15:33 - [TEST_STEP][PASSED] - landingPage = verifyElementPresent(findTestObject("Page_CuraAppointment/div_Appointment"), G_Timeout): Object 'Object Repository/Page_CuraAppointment/div_Appointment' is present

2023-08-20 21:15:34 - [MESSAGE][PASSED] - Object 'Object Repository/Page_CuraAppointment/div_Appointment' is present

2023-08-20 21:15:34 - [MESSAGE][PASSED] - Call Test Case 'Test Cases/Common Test Cases/Login' successfully

2023-08-20 21:15:34 - [TEST_STEP][PASSED] - comment("And Appointment page is displayed"): And Appointment page is displayed

2023-08-20 21:15:34 - [MESSAGE][INFO] - And Appointment page is displayed

2023-08-20 21:15:34 - [TEST_STEP][PASSED] - if (true): Text 'Please make appointment as soon as possible.' is set on object 'Object Repository/Page_CuraAppointment/txt_Comment'

2023-08-20 21:15:34 - [TEST_STEP][PASSED] - takeScreenshotAsCheckpoint("appointment page"): Taking screenshot successfully

2023-08-20 21:15:34 - [MESSAGE][INFO] - 0 hidden object(s)

2023-08-20 21:15:34 - [MESSAGE][PASSED] - Taking screenshot successfully
[[ATTACHMENT|keyes/keyes-appointment page.png]]

2023-08-20 21:15:34 - [TEST_STEP][PASSED] - selectOptionByLabel(findTestObject("Page_CuraAppointment/lst_Facility"), "Hongkong CURA Healthcare Center", false): All options with label 'Hongkong CURA Healthcare Center' are selected in object 'Object Repository/Page_CuraAppointment/lst_Facility' 

2023-08-20 21:15:34 - [MESSAGE][PASSED] - All options with label 'Hongkong CURA Healthcare Center' are selected in object 'Object Repository/Page_CuraAppointment/lst_Facility' 

2023-08-20 21:15:34 - [TEST_STEP][PASSED] - check(findTestObject("Page_CuraAppointment/chk_Medicaid")): Object 'Object Repository/Page_CuraAppointment/chk_Medicaid' is checked

2023-08-20 21:15:34 - [MESSAGE][PASSED] - Object 'Object Repository/Page_CuraAppointment/chk_Medicaid' is checked

2023-08-20 21:15:34 - [TEST_STEP][PASSED] - check(findTestObject("Page_CuraAppointment/chk_Readmission")): Object 'Object Repository/Page_CuraAppointment/chk_Readmission' is checked

2023-08-20 21:15:35 - [MESSAGE][PASSED] - Object 'Object Repository/Page_CuraAppointment/chk_Readmission' is checked

2023-08-20 21:15:35 - [TEST_STEP][PASSED] - setText(findTestObject("Page_CuraAppointment/txt_VisitDate"), "27/12/2016"): Text '27/12/2016' is set on object 'Object Repository/Page_CuraAppointment/txt_VisitDate'

2023-08-20 21:15:35 - [MESSAGE][PASSED] - Text '27/12/2016' is set on object 'Object Repository/Page_CuraAppointment/txt_VisitDate'

2023-08-20 21:15:35 - [TEST_STEP][PASSED] - setText(findTestObject("Page_CuraAppointment/txt_Comment"), "Please make appointment as soon as possible."): Text 'Please make appointment as soon as possible.' is set on object 'Object Repository/Page_CuraAppointment/txt_Comment'

2023-08-20 21:15:35 - [MESSAGE][PASSED] - Text 'Please make appointment as soon as possible.' is set on object 'Object Repository/Page_CuraAppointment/txt_Comment'

2023-08-20 21:15:35 - [TEST_STEP][PASSED] - comment("When he fills in valid information in Appointment page"): When he fills in valid information in Appointment page

2023-08-20 21:15:35 - [MESSAGE][INFO] - When he fills in valid information in Appointment page

2023-08-20 21:15:35 - [TEST_STEP][PASSED] - click(findTestObject("Page_CuraAppointment/btn_BookAppointment")): Object: 'Object Repository/Page_CuraAppointment/btn_BookAppointment' is clicked on

2023-08-20 21:15:36 - [MESSAGE][PASSED] - Object: 'Object Repository/Page_CuraAppointment/btn_BookAppointment' is clicked on

2023-08-20 21:15:36 - [TEST_STEP][PASSED] - verifyTextPresent("Appointment Confirmation", false): Text 'Appointment Confirmation' is present on page 

2023-08-20 21:15:37 - [MESSAGE][PASSED] - Text 'Appointment Confirmation' is present on page 

2023-08-20 21:15:37 - [TEST_STEP][PASSED] - comment("Then he should be able to book a new appointment"): Then he should be able to book a new appointment

2023-08-20 21:15:37 - [MESSAGE][INFO] - Then he should be able to book a new appointment

2023-08-20 21:15:37 - [TEST_STEP][PASSED] - if (true): Actual text 'Please make appointment as soon as possible.' and expected text 'Please make appointment as soon as possible.' are matched 

2023-08-20 21:15:37 - [TEST_STEP][PASSED] - takeFullPageScreenshotAsCheckpoint("booked appointment", [findTestObject("Page_AppointmentConfirmation/lbl_VisitDate")]): Taking screenshot successfully

2023-08-20 21:15:37 - [MESSAGE][WARNING] - Timeout '0' is invalid. Using default page load timeout: '30'

2023-08-20 21:15:37 - [MESSAGE][INFO] - 1 hidden object(s)

2023-08-20 21:15:40 - [MESSAGE][INFO] - 0 hidden object(s)

2023-08-20 21:15:40 - [MESSAGE][PASSED] - Taking screenshot successfully
[[ATTACHMENT|keyes/keyes-booked appointment.png]]

2023-08-20 21:15:40 - [TEST_STEP][PASSED] - verifyMatch("Hongkong CURA Healthcare Center", getText(findTestObject("Page_AppointmentConfirmation/lbl_Facility")), false): Actual text 'Hongkong CURA Healthcare Center' and expected text 'Hongkong CURA Healthcare Center' are matched 

2023-08-20 21:15:40 - [MESSAGE][PASSED] - Text of object 'Object Repository/Page_AppointmentConfirmation/lbl_Facility' is: 'Hongkong CURA Healthcare Center'

2023-08-20 21:15:40 - [MESSAGE][PASSED] - Actual text 'Hongkong CURA Healthcare Center' and expected text 'Hongkong CURA Healthcare Center' are matched 

2023-08-20 21:15:40 - [TEST_STEP][PASSED] - verifyMatch("Yes", getText(findTestObject("Page_AppointmentConfirmation/lbl_HospitalReadmission")), false): Actual text 'Yes' and expected text 'Yes' are matched 

2023-08-20 21:15:40 - [MESSAGE][PASSED] - Text of object 'Object Repository/Page_AppointmentConfirmation/lbl_HospitalReadmission' is: 'Yes'

2023-08-20 21:15:40 - [MESSAGE][PASSED] - Actual text 'Yes' and expected text 'Yes' are matched 

2023-08-20 21:15:40 - [TEST_STEP][PASSED] - verifyMatch("Medicaid", getText(findTestObject("Page_AppointmentConfirmation/lbl_Program")), false): Actual text 'Medicaid' and expected text 'Medicaid' are matched 

2023-08-20 21:15:40 - [MESSAGE][PASSED] - Text of object 'Object Repository/Page_AppointmentConfirmation/lbl_Program' is: 'Medicaid'

2023-08-20 21:15:40 - [MESSAGE][PASSED] - Actual text 'Medicaid' and expected text 'Medicaid' are matched 

2023-08-20 21:15:40 - [TEST_STEP][PASSED] - verifyMatch("27/12/2016", getText(findTestObject("Page_AppointmentConfirmation/lbl_VisitDate")), false): Actual text '27/12/2016' and expected text '27/12/2016' are matched 

2023-08-20 21:15:41 - [MESSAGE][PASSED] - Text of object 'Object Repository/Page_AppointmentConfirmation/lbl_VisitDate' is: '27/12/2016'

2023-08-20 21:15:41 - [MESSAGE][PASSED] - Actual text '27/12/2016' and expected text '27/12/2016' are matched 

2023-08-20 21:15:41 - [TEST_STEP][PASSED] - verifyMatch("Please make appointment as soon as possible.", getText(findTestObject("Page_AppointmentConfirmation/lbl_Comment")), false): Actual text 'Please make appointment as soon as possible.' and expected text 'Please make appointment as soon as possible.' are matched 

2023-08-20 21:15:41 - [MESSAGE][PASSED] - Text of object 'Object Repository/Page_AppointmentConfirmation/lbl_Comment' is: 'Please make appointment as soon as possible.'

2023-08-20 21:15:41 - [MESSAGE][PASSED] - Actual text 'Please make appointment as soon as possible.' and expected text 'Please make appointment as soon as possible.' are matched 

2023-08-20 21:15:41 - [TEST_STEP][PASSED] - takeScreenshot(): Taking screenshot successfully

2023-08-20 21:15:42 - [MESSAGE][PASSED] - Taking screenshot successfully
[[ATTACHMENT|/Users/lakshmimukkur/Katalon Studio/Web_Demo/Reports/20230820_211442/healthcare-tests - TS_RegressionTest/20230820_211442/1692580541106.png]]

2023-08-20 21:15:42 - [TEST_STEP][PASSED] - closeBrowser(): Browser is closed

2023-08-20 21:15:42 - [MESSAGE][PASSED] - Browser is closed

2023-08-20 21:15:44 - [TEST_STEP][PASSED] - Video: Video recording for test case 'Test Cases/Main Test Cases/TC3_Visual Testing Example' .

2023-08-20 21:15:44 - [MESSAGE][INFO] - Video recording for test case 'Test Cases/Main Test Cases/TC3_Visual Testing Example' .]]></system-out>
         <system-err><![CDATA[]]></system-err>
      </testcase>
      <system-out><![CDATA[2023-08-20 21:14:48 - [TEST_SUITE][PASSED] - healthcare-tests - TS_RegressionTest: Test Cases/Main Test Cases/TC3_Visual Testing Example]]></system-out>
      <system-err><![CDATA[]]></system-err>
   </testsuite>
</testsuites>
