<?xml version="1.0" encoding="UTF-8"?>
<testsuites name="Sample Test Suite" time="18.609" tests="1" failures="0" errors="0">
   <testsuite name="Sample Test Suite" tests="1" failures="0" errors="0" time="18.609" skipped="0" timestamp="2023-08-16 07:58:42" hostname="lakshmimukkur - lakshmis-mbp.ht.home" id="Test Suites/Sample Test Suite">
      <properties>
         <property name="deviceName" value=""/>
         <property name="devicePlatform" value=""/>
         <property name="logFolder" value="/Users/lakshmimukkur/Katalon Studio/Web_Demo/Reports/20230816_075836/Sample Test Suite/20230816_075836"/>
         <property name="logFiles" value="/Users/lakshmimukkur/Katalon Studio/Web_Demo/Reports/20230816_075836/Sample Test Suite/20230816_075836/execution0.log"/>
         <property name="attachments" value=""/>
         <property name="hostName" value="lakshmimukkur - lakshmis-mbp.ht.home"/>
         <property name="os" value="Mac OS X 64bit"/>
         <property name="katalonVersion" value="8.6.5.208"/>
         <property name="browser" value="Chrome 115.0.0.0"/>
         <property name="hostAddress" value="192.168.0.142"/>
         <property name="sessionId" value="4b234e4f69fc6d97201466c89d59b162"/>
         <property name="seleniumVersion" value="3.141.59"/>
         <property name="proxyInformation" value="ProxyInformation { proxyOption=NO_PROXY, proxyServerType=HTTP, username=, password=********, proxyServerAddress=, proxyServerPort=0, executionList=&quot;&quot;, isApplyToDesiredCapabilities=true }"/>
         <property name="platform" value="Mac OS X"/>
      </properties>
      <testcase name="Test Cases/Main Test Cases/TC1_Verify Successful Login - Test Suite Data Driven Testing" time="18.066" classname="Test Cases/Main Test Cases/TC1_Verify Successful Login - Test Suite Data Driven Testing" status="PASSED">
         <system-out><![CDATA[2023-08-16 07:58:43 - [TEST_CASE][PASSED] - Test Cases/Main Test Cases/TC1_Verify Successful Login - Test Suite Data Driven Testing: Test Cases/Main Test Cases/TC1_Verify Successful Login - Test Suite Data Driven Testing

2023-08-16 07:58:44 - [TEST_STEP][PASSED] - comment("Story: Login to CURA system"): Story: Login to CURA system

2023-08-16 07:58:44 - [MESSAGE][INFO] - Story: Login to CURA system

2023-08-16 07:58:44 - [TEST_STEP][PASSED] - comment("Given that the user has the valid login information"): Given that the user has the valid login information

2023-08-16 07:58:44 - [MESSAGE][INFO] - Given that the user has the valid login information

2023-08-16 07:58:44 - [TEST_STEP][PASSED] - openBrowser(G_SiteURL): Browser is opened with url: 'http://demoaut.katalon.com'

2023-08-16 07:58:45 - [MESSAGE][INFO] - Starting 'Chrome' driver

2023-08-16 07:58:45 - [MESSAGE][INFO] - Action delay is set to 0 milliseconds

2023-08-16 07:58:54 - [MESSAGE][PASSED] - Browser is opened with url: 'http://demoaut.katalon.com'

2023-08-16 07:58:54 - [TEST_STEP][PASSED] - click(findTestObject("Page_CuraHomepage/btn_MakeAppointment")): Object: 'Object Repository/Page_CuraHomepage/btn_MakeAppointment' is clicked on

2023-08-16 07:58:56 - [MESSAGE][PASSED] - Object: 'Object Repository/Page_CuraHomepage/btn_MakeAppointment' is clicked on

2023-08-16 07:58:56 - [TEST_STEP][PASSED] - setText(findTestObject("Page_Login/txt_UserName"), User): Text 'John Doe' is set on object 'Object Repository/Page_Login/txt_UserName'

2023-08-16 07:58:57 - [MESSAGE][PASSED] - Text 'John Doe' is set on object 'Object Repository/Page_Login/txt_UserName'

2023-08-16 07:58:57 - [TEST_STEP][PASSED] - setText(findTestObject("Page_Login/txt_Password"), Pass): Text 'ThisIsNotAPassword' is set on object 'Object Repository/Page_Login/txt_Password'

2023-08-16 07:58:57 - [MESSAGE][PASSED] - Text 'ThisIsNotAPassword' is set on object 'Object Repository/Page_Login/txt_Password'

2023-08-16 07:58:57 - [TEST_STEP][PASSED] - comment("When he logins to CURA system"): When he logins to CURA system

2023-08-16 07:58:57 - [MESSAGE][INFO] - When he logins to CURA system

2023-08-16 07:58:57 - [TEST_STEP][PASSED] - click(findTestObject("Page_Login/btn_Login")): Object: 'Object Repository/Page_Login/btn_Login' is clicked on

2023-08-16 07:58:58 - [MESSAGE][PASSED] - Object: 'Object Repository/Page_Login/btn_Login' is clicked on

2023-08-16 07:58:58 - [TEST_STEP][PASSED] - comment("Then he should be able to login successfully"): Then he should be able to login successfully

2023-08-16 07:58:58 - [MESSAGE][INFO] - Then he should be able to login successfully

2023-08-16 07:58:58 - [TEST_STEP][PASSED] - landingPage = verifyElementPresent(findTestObject("Page_CuraAppointment/div_Appointment"), G_Timeout): Object 'Object Repository/Page_CuraAppointment/div_Appointment' is present

2023-08-16 07:58:58 - [MESSAGE][PASSED] - Object 'Object Repository/Page_CuraAppointment/div_Appointment' is present

2023-08-16 07:58:58 - [TEST_STEP][PASSED] - closeBrowser(): Browser is closed

2023-08-16 07:58:59 - [MESSAGE][PASSED] - Browser is closed

2023-08-16 07:59:01 - [TEST_STEP][PASSED] - Video: Video recording for test case 'Test Cases/Main Test Cases/TC1_Verify Successful Login - Test Suite Data Driven Testing' .

2023-08-16 07:59:01 - [MESSAGE][INFO] - Video recording for test case 'Test Cases/Main Test Cases/TC1_Verify Successful Login - Test Suite Data Driven Testing' .]]></system-out>
         <system-err><![CDATA[]]></system-err>
      </testcase>
      <system-out><![CDATA[2023-08-16 07:58:42 - [TEST_SUITE][PASSED] - Sample Test Suite: Test Cases/Main Test Cases/TC1_Verify Successful Login - Test Suite Data Driven Testing]]></system-out>
      <system-err><![CDATA[]]></system-err>
   </testsuite>
</testsuites>
